
state 0
	$accept: .program $end 

	NUMBER  shift 3
	.  error

	program  goto 1
	expr  goto 2

state 1
	$accept:  program.$end 

	$end  accept
	.  error


state 2
	program:  expr.    (1)
	expr:  expr.'+' expr 
	expr:  expr.'-' expr 
	expr:  expr.'*' expr 
	expr:  expr.'/' expr 

	'+'  shift 4
	'-'  shift 5
	'*'  shift 6
	'/'  shift 7
	.  reduce 1 (src line 31)


state 3
	expr:  NUMBER.    (2)

	.  reduce 2 (src line 38)


state 4
	expr:  expr '+'.expr 

	NUMBER  shift 3
	.  error

	expr  goto 8

state 5
	expr:  expr '-'.expr 

	NUMBER  shift 3
	.  error

	expr  goto 9

state 6
	expr:  expr '*'.expr 

	NUMBER  shift 3
	.  error

	expr  goto 10

state 7
	expr:  expr '/'.expr 

	NUMBER  shift 3
	.  error

	expr  goto 11

state 8
	expr:  expr.'+' expr 
	expr:  expr '+' expr.    (3)
	expr:  expr.'-' expr 
	expr:  expr.'*' expr 
	expr:  expr.'/' expr 

	'*'  shift 6
	'/'  shift 7
	.  reduce 3 (src line 43)


state 9
	expr:  expr.'+' expr 
	expr:  expr.'-' expr 
	expr:  expr '-' expr.    (4)
	expr:  expr.'*' expr 
	expr:  expr.'/' expr 

	'*'  shift 6
	'/'  shift 7
	.  reduce 4 (src line 47)


state 10
	expr:  expr.'+' expr 
	expr:  expr.'-' expr 
	expr:  expr.'*' expr 
	expr:  expr '*' expr.    (5)
	expr:  expr.'/' expr 

	.  reduce 5 (src line 51)


state 11
	expr:  expr.'+' expr 
	expr:  expr.'-' expr 
	expr:  expr.'*' expr 
	expr:  expr.'/' expr 
	expr:  expr '/' expr.    (6)

	.  reduce 6 (src line 55)


8 terminals, 3 nonterminals
7 grammar rules, 12/2000 states
0 shift/reduce, 0 reduce/reduce conflicts reported
52 working sets used
memory: parser 5/30000
0 extra closures
13 shift entries, 1 exceptions
6 goto entries
0 entries saved by goto default
Optimizer space used: output 13/30000
13 table entries, 0 zero
maximum spread: 8, maximum offset: 7
